# JRE version: OpenJDK Runtime Environment Temurin-21.0.7+6 (21.0.7+6) (build 21.0.7+6-LTS)
# Java VM: OpenJDK 64-Bit Server VM Temurin-21.0.7+6 (21.0.7+6-LTS, mixed mode, sharing, tiered, compressed oops, compressed class ptrs, parallel gc, windows-amd64)
GC Precious Log:
 CardTable entry size: 512
 CPUs: 12 total, 12 available
 Memory: 8043M
 Large Page Support: Disabled
 NUMA Support: Disabled
 Compressed Oops: Enabled (32-bit)
 Alignments: Space 512K, Generation 512K, Heap 2M
 Heap Min Capacity: 100M
 Heap Initial Capacity: 100M
 Heap Max Capacity: 2G
 Pre-touch: Disabled
 Parallel Workers: 10
Heap:
 PSYoungGen      total 7168K, used 6976K [0x00000000d5580000, 0x00000000d5f00000, 0x0000000100000000)
  eden space 6144K, 100% used [0x00000000d5580000,0x00000000d5b80000,0x00000000d5b80000)
  from space 1024K, 81% used [0x00000000d5e00000,0x00000000d5ed0000,0x00000000d5f00000)
  to   space 1024K, 100% used [0x00000000d5d00000,0x00000000d5e00000,0x00000000d5e00000)
 ParOldGen       total 1357312K, used 1356855K [0x0000000080000000, 0x00000000d2d80000, 0x00000000d5580000)
  object space 1357312K, 99% used [0x0000000080000000,0x00000000d2d0dfb0,0x00000000d2d80000)
 Metaspace       used 91090K, committed 92992K, reserved 1179648K
  class space    used 8994K, committed 9920K, reserved 1048576K
GC Heap History (20 events):
Event: 2257.213 GC heap before
{Heap before GC invocations=2197 (full 5):
 PSYoungGen      total 3584K, used 3509K [0x00000000d5580000, 0x00000000d5f00000, 0x0000000100000000)
  eden space 2048K, 97% used [0x00000000d5580000,0x00000000d5772a40,0x00000000d5780000)
  from space 1536K, 98% used [0x00000000d5780000,0x00000000d58faa98,0x00000000d5900000)
  to   space 3584K, 0% used [0x00000000d5b80000,0x00000000d5b80000,0x00000000d5f00000)
 ParOldGen       total 1346048K, used 1345756K [0x0000000080000000, 0x00000000d2280000, 0x00000000d5580000)
  object space 1346048K, 99% used [0x0000000080000000,0x00000000d2237348,0x00000000d2280000)
 Metaspace       used 91059K, committed 92992K, reserved 1179648K
  class space    used 8994K, committed 9920K, reserved 1048576K
}
Event: 2257.215 GC heap after
{Heap after GC invocations=2197 (full 5):
 PSYoungGen      total 5120K, used 2110K [0x00000000d5580000, 0x00000000d5e00000, 0x0000000100000000)
  eden space 2560K, 0% used [0x00000000d5580000,0x00000000d5580000,0x00000000d5800000)
  from space 2560K, 82% used [0x00000000d5b80000,0x00000000d5d8fa78,0x00000000d5e00000)
  to   space 2560K, 0% used [0x00000000d5900000,0x00000000d5900000,0x00000000d5b80000)
 ParOldGen       total 1347584K, used 1347288K [0x0000000080000000, 0x00000000d2400000, 0x00000000d5580000)
  object space 1347584K, 99% used [0x0000000080000000,0x00000000d23b6278,0x00000000d2400000)
 Metaspace       used 91059K, committed 92992K, reserved 1179648K
  class space    used 8994K, committed 9920K, reserved 1048576K
}
Event: 2257.221 GC heap before
{Heap before GC invocations=2198 (full 5):
 PSYoungGen      total 5120K, used 4572K [0x00000000d5580000, 0x00000000d5e00000, 0x0000000100000000)
  eden space 2560K, 96% used [0x00000000d5580000,0x00000000d57e7910,0x00000000d5800000)
  from space 2560K, 82% used [0x00000000d5b80000,0x00000000d5d8fa78,0x00000000d5e00000)
  to   space 2560K, 0% used [0x00000000d5900000,0x00000000d5900000,0x00000000d5b80000)
 ParOldGen       total 1347584K, used 1347288K [0x0000000080000000, 0x00000000d2400000, 0x00000000d5580000)
  object space 1347584K, 99% used [0x0000000080000000,0x00000000d23b6278,0x00000000d2400000)
 Metaspace       used 91059K, committed 92992K, reserved 1179648K
  class space    used 8994K, committed 9920K, reserved 1048576K
}
Event: 2257.225 GC heap after
{Heap after GC invocations=2198 (full 5):
 PSYoungGen      total 5632K, used 2404K [0x00000000d5580000, 0x00000000d5d80000, 0x0000000100000000)
  eden space 3072K, 0% used [0x00000000d5580000,0x00000000d5580000,0x00000000d5880000)
  from space 2560K, 93% used [0x00000000d5900000,0x00000000d5b591c8,0x00000000d5b80000)
  to   space 2048K, 0% used [0x00000000d5b80000,0x00000000d5b80000,0x00000000d5d80000)
 ParOldGen       total 1349632K, used 1349253K [0x0000000080000000, 0x00000000d2600000, 0x00000000d5580000)
  object space 1349632K, 99% used [0x0000000080000000,0x00000000d25a1608,0x00000000d2600000)
 Metaspace       used 91059K, committed 92992K, reserved 1179648K
  class space    used 8994K, committed 9920K, reserved 1048576K
}
Event: 2257.232 GC heap before
{Heap before GC invocations=2199 (full 5):
 PSYoungGen      total 5632K, used 5476K [0x00000000d5580000, 0x00000000d5d80000, 0x0000000100000000)
  eden space 3072K, 100% used [0x00000000d5580000,0x00000000d5880000,0x00000000d5880000)
  from space 2560K, 93% used [0x00000000d5900000,0x00000000d5b591c8,0x00000000d5b80000)
  to   space 2048K, 0% used [0x00000000d5b80000,0x00000000d5b80000,0x00000000d5d80000)
 ParOldGen       total 1349632K, used 1349253K [0x0000000080000000, 0x00000000d2600000, 0x00000000d5580000)
  object space 1349632K, 99% used [0x0000000080000000,0x00000000d25a1608,0x00000000d2600000)
 Metaspace       used 91059K, committed 92992K, reserved 1179648K
  class space    used 8994K, committed 9920K, reserved 1048576K
}
Event: 2257.239 GC heap after
{Heap after GC invocations=2199 (full 5):
 PSYoungGen      total 6144K, used 1408K [0x00000000d5580000, 0x00000000d5d80000, 0x0000000100000000)
  eden space 4096K, 0% used [0x00000000d5580000,0x00000000d5580000,0x00000000d5980000)
  from space 2048K, 68% used [0x00000000d5b80000,0x00000000d5ce0000,0x00000000d5d80000)
  to   space 2048K, 0% used [0x00000000d5980000,0x00000000d5980000,0x00000000d5b80000)
 ParOldGen       total 1351680K, used 1351498K [0x0000000080000000, 0x00000000d2800000, 0x00000000d5580000)
  object space 1351680K, 99% used [0x0000000080000000,0x00000000d27d2a70,0x00000000d2800000)
 Metaspace       used 91059K, committed 92992K, reserved 1179648K
  class space    used 8994K, committed 9920K, reserved 1048576K
}
Event: 2257.273 GC heap before
{Heap before GC invocations=2200 (full 5):
 PSYoungGen      total 6144K, used 5503K [0x00000000d5580000, 0x00000000d5d80000, 0x0000000100000000)
  eden space 4096K, 99% used [0x00000000d5580000,0x00000000d597feb0,0x00000000d5980000)
  from space 2048K, 68% used [0x00000000d5b80000,0x00000000d5ce0000,0x00000000d5d80000)
  to   space 2048K, 0% used [0x00000000d5980000,0x00000000d5980000,0x00000000d5b80000)
 ParOldGen       total 1351680K, used 1351498K [0x0000000080000000, 0x00000000d2800000, 0x00000000d5580000)
  object space 1351680K, 99% used [0x0000000080000000,0x00000000d27d2a70,0x00000000d2800000)
 Metaspace       used 91062K, committed 92992K, reserved 1179648K
  class space    used 8994K, committed 9920K, reserved 1048576K
}
Event: 2257.278 GC heap after
{Heap after GC invocations=2200 (full 5):
 PSYoungGen      total 6144K, used 960K [0x00000000d5580000, 0x00000000d5d80000, 0x0000000100000000)
  eden space 4096K, 0% used [0x00000000d5580000,0x00000000d5580000,0x00000000d5980000)
  from space 2048K, 46% used [0x00000000d5980000,0x00000000d5a70000,0x00000000d5b80000)
  to   space 1536K, 0% used [0x00000000d5c00000,0x00000000d5c00000,0x00000000d5d80000)
 ParOldGen       total 1353216K, used 1352746K [0x0000000080000000, 0x00000000d2980000, 0x00000000d5580000)
  object space 1353216K, 99% used [0x0000000080000000,0x00000000d290aa70,0x00000000d2980000)
 Metaspace       used 91062K, committed 92992K, reserved 1179648K
  class space    used 8994K, committed 9920K, reserved 1048576K
}
Event: 2257.294 GC heap before
{Heap before GC invocations=2201 (full 5):
 PSYoungGen      total 6144K, used 5056K [0x00000000d5580000, 0x00000000d5d80000, 0x0000000100000000)
  eden space 4096K, 100% used [0x00000000d5580000,0x00000000d5980000,0x00000000d5980000)
  from space 2048K, 46% used [0x00000000d5980000,0x00000000d5a70000,0x00000000d5b80000)
  to   space 1536K, 0% used [0x00000000d5c00000,0x00000000d5c00000,0x00000000d5d80000)
 ParOldGen       total 1353216K, used 1352746K [0x0000000080000000, 0x00000000d2980000, 0x00000000d5580000)
  object space 1353216K, 99% used [0x0000000080000000,0x00000000d290aa70,0x00000000d2980000)
 Metaspace       used 91068K, committed 92992K, reserved 1179648K
  class space    used 8994K, committed 9920K, reserved 1048576K
}
Event: 2257.296 GC heap after
{Heap after GC invocations=2201 (full 5):
 PSYoungGen      total 6144K, used 608K [0x00000000d5580000, 0x00000000d5d00000, 0x0000000100000000)
  eden space 5120K, 0% used [0x00000000d5580000,0x00000000d5580000,0x00000000d5a80000)
  from space 1024K, 59% used [0x00000000d5c00000,0x00000000d5c98000,0x00000000d5d00000)
  to   space 1024K, 0% used [0x00000000d5b00000,0x00000000d5b00000,0x00000000d5c00000)
 ParOldGen       total 1353728K, used 1353572K [0x0000000080000000, 0x00000000d2a00000, 0x00000000d5580000)
  object space 1353728K, 99% used [0x0000000080000000,0x00000000d29d9230,0x00000000d2a00000)
 Metaspace       used 91068K, committed 92992K, reserved 1179648K
  class space    used 8994K, committed 9920K, reserved 1048576K
}
Event: 2257.304 GC heap before
{Heap before GC invocations=2202 (full 5):
 PSYoungGen      total 6144K, used 5728K [0x00000000d5580000, 0x00000000d5d00000, 0x0000000100000000)
  eden space 5120K, 100% used [0x00000000d5580000,0x00000000d5a80000,0x00000000d5a80000)
  from space 1024K, 59% used [0x00000000d5c00000,0x00000000d5c98000,0x00000000d5d00000)
  to   space 1024K, 0% used [0x00000000d5b00000,0x00000000d5b00000,0x00000000d5c00000)
 ParOldGen       total 1353728K, used 1353572K [0x0000000080000000, 0x00000000d2a00000, 0x00000000d5580000)
  object space 1353728K, 99% used [0x0000000080000000,0x00000000d29d9230,0x00000000d2a00000)
 Metaspace       used 91070K, committed 92992K, reserved 1179648K
  class space    used 8994K, committed 9920K, reserved 1048576K
}
Event: 2257.307 GC heap after
{Heap after GC invocations=2202 (full 5):
 PSYoungGen      total 6656K, used 512K [0x00000000d5580000, 0x00000000d5d80000, 0x0000000100000000)
  eden space 5632K, 0% used [0x00000000d5580000,0x00000000d5580000,0x00000000d5b00000)
  from space 1024K, 50% used [0x00000000d5b00000,0x00000000d5b80000,0x00000000d5c00000)
  to   space 1024K, 0% used [0x00000000d5c80000,0x00000000d5c80000,0x00000000d5d80000)
 ParOldGen       total 1354240K, used 1353989K [0x0000000080000000, 0x00000000d2a80000, 0x00000000d5580000)
  object space 1354240K, 99% used [0x0000000080000000,0x00000000d2a41590,0x00000000d2a80000)
 Metaspace       used 91070K, committed 92992K, reserved 1179648K
  class space    used 8994K, committed 9920K, reserved 1048576K
}
Event: 2291.860 GC heap before
{Heap before GC invocations=2203 (full 5):
 PSYoungGen      total 6656K, used 6144K [0x00000000d5580000, 0x00000000d5d80000, 0x0000000100000000)
  eden space 5632K, 100% used [0x00000000d5580000,0x00000000d5b00000,0x00000000d5b00000)
  from space 1024K, 50% used [0x00000000d5b00000,0x00000000d5b80000,0x00000000d5c00000)
  to   space 1024K, 0% used [0x00000000d5c80000,0x00000000d5c80000,0x00000000d5d80000)
 ParOldGen       total 1354240K, used 1353989K [0x0000000080000000, 0x00000000d2a80000, 0x00000000d5580000)
  object space 1354240K, 99% used [0x0000000080000000,0x00000000d2a41590,0x00000000d2a80000)
 Metaspace       used 91076K, committed 92992K, reserved 1179648K
  class space    used 8994K, committed 9920K, reserved 1048576K
}
Event: 2291.866 GC heap after
{Heap after GC invocations=2203 (full 5):
 PSYoungGen      total 7168K, used 544K [0x00000000d5580000, 0x00000000d5e80000, 0x0000000100000000)
  eden space 6144K, 0% used [0x00000000d5580000,0x00000000d5580000,0x00000000d5b80000)
  from space 1024K, 53% used [0x00000000d5c80000,0x00000000d5d08000,0x00000000d5d80000)
  to   space 1024K, 0% used [0x00000000d5b80000,0x00000000d5b80000,0x00000000d5c80000)
 ParOldGen       total 1354752K, used 1354357K [0x0000000080000000, 0x00000000d2b00000, 0x00000000d5580000)
  object space 1354752K, 99% used [0x0000000080000000,0x00000000d2a9d590,0x00000000d2b00000)
 Metaspace       used 91076K, committed 92992K, reserved 1179648K
  class space    used 8994K, committed 9920K, reserved 1048576K
}
Event: 2291.880 GC heap before
{Heap before GC invocations=2204 (full 5):
 PSYoungGen      total 7168K, used 6687K [0x00000000d5580000, 0x00000000d5e80000, 0x0000000100000000)
  eden space 6144K, 99% used [0x00000000d5580000,0x00000000d5b7fff0,0x00000000d5b80000)
  from space 1024K, 53% used [0x00000000d5c80000,0x00000000d5d08000,0x00000000d5d80000)
  to   space 1024K, 0% used [0x00000000d5b80000,0x00000000d5b80000,0x00000000d5c80000)
 ParOldGen       total 1354752K, used 1354357K [0x0000000080000000, 0x00000000d2b00000, 0x00000000d5580000)
  object space 1354752K, 99% used [0x0000000080000000,0x00000000d2a9d590,0x00000000d2b00000)
 Metaspace       used 91076K, committed 92992K, reserved 1179648K
  class space    used 8994K, committed 9920K, reserved 1048576K
}
Event: 2291.882 GC heap after
{Heap after GC invocations=2204 (full 5):
 PSYoungGen      total 7168K, used 1022K [0x00000000d5580000, 0x00000000d6000000, 0x0000000100000000)
  eden space 6144K, 0% used [0x00000000d5580000,0x00000000d5580000,0x00000000d5b80000)
  from space 1024K, 99% used [0x00000000d5b80000,0x00000000d5c7f800,0x00000000d5c80000)
  to   space 1536K, 0% used [0x00000000d5e80000,0x00000000d5e80000,0x00000000d6000000)
 ParOldGen       total 1355264K, used 1354791K [0x0000000080000000, 0x00000000d2b80000, 0x00000000d5580000)
  object space 1355264K, 99% used [0x0000000080000000,0x00000000d2b09f90,0x00000000d2b80000)
 Metaspace       used 91076K, committed 92992K, reserved 1179648K
  class space    used 8994K, committed 9920K, reserved 1048576K
}
Event: 2333.039 GC heap before
{Heap before GC invocations=2205 (full 5):
 PSYoungGen      total 7168K, used 7166K [0x00000000d5580000, 0x00000000d6000000, 0x0000000100000000)
  eden space 6144K, 100% used [0x00000000d5580000,0x00000000d5b80000,0x00000000d5b80000)
  from space 1024K, 99% used [0x00000000d5b80000,0x00000000d5c7f800,0x00000000d5c80000)
  to   space 1536K, 0% used [0x00000000d5e80000,0x00000000d5e80000,0x00000000d6000000)
 ParOldGen       total 1355264K, used 1354791K [0x0000000080000000, 0x00000000d2b80000, 0x00000000d5580000)
  object space 1355264K, 99% used [0x0000000080000000,0x00000000d2b09f90,0x00000000d2b80000)
 Metaspace       used 91083K, committed 92992K, reserved 1179648K
  class space    used 8994K, committed 9920K, reserved 1048576K
}
Event: 2333.042 GC heap after
{Heap after GC invocations=2205 (full 5):
 PSYoungGen      total 6656K, used 256K [0x00000000d5580000, 0x00000000d5f00000, 0x0000000100000000)
  eden space 6144K, 0% used [0x00000000d5580000,0x00000000d5580000,0x00000000d5b80000)
  from space 512K, 50% used [0x00000000d5e80000,0x00000000d5ec0000,0x00000000d5f00000)
  to   space 1024K, 0% used [0x00000000d5d00000,0x00000000d5d00000,0x00000000d5e00000)
 ParOldGen       total 1355264K, used 1354871K [0x0000000080000000, 0x00000000d2b80000, 0x00000000d5580000)
  object space 1355264K, 99% used [0x0000000080000000,0x00000000d2b1df90,0x00000000d2b80000)
 Metaspace       used 91083K, committed 92992K, reserved 1179648K
  class space    used 8994K, committed 9920K, reserved 1048576K
}
Event: 2333.126 GC heap before
{Heap before GC invocations=2206 (full 5):
 PSYoungGen      total 6656K, used 6400K [0x00000000d5580000, 0x00000000d5f00000, 0x0000000100000000)
  eden space 6144K, 100% used [0x00000000d5580000,0x00000000d5b80000,0x00000000d5b80000)
  from space 512K, 50% used [0x00000000d5e80000,0x00000000d5ec0000,0x00000000d5f00000)
  to   space 1024K, 0% used [0x00000000d5d00000,0x00000000d5d00000,0x00000000d5e00000)
 ParOldGen       total 1355264K, used 1354871K [0x0000000080000000, 0x00000000d2b80000, 0x00000000d5580000)
  object space 1355264K, 99% used [0x0000000080000000,0x00000000d2b1df90,0x00000000d2b80000)
 Metaspace       used 91086K, committed 92992K, reserved 1179648K
  class space    used 8994K, committed 9920K, reserved 1048576K
}
Event: 2333.132 GC heap after
{Heap after GC invocations=2206 (full 5):
 PSYoungGen      total 7168K, used 1024K [0x00000000d5580000, 0x00000000d5f80000, 0x0000000100000000)
  eden space 6144K, 0% used [0x00000000d5580000,0x00000000d5580000,0x00000000d5b80000)
  from space 1024K, 100% used [0x00000000d5d00000,0x00000000d5e00000,0x00000000d5e00000)
  to   space 1536K, 0% used [0x00000000d5e00000,0x00000000d5e00000,0x00000000d5f80000)
 ParOldGen       total 1355264K, used 1355215K [0x0000000080000000, 0x00000000d2b80000, 0x00000000d5580000)
  object space 1355264K, 99% used [0x0000000080000000,0x00000000d2b73f90,0x00000000d2b80000)
 Metaspace       used 91086K, committed 92992K, reserved 1179648K
  class space    used 8994K, committed 9920K, reserved 1048576K
}

